<?xml version="1.0" encoding="UTF-8"?>
<!-- Generated by org.testng.reporters.JUnitReportReporter -->
<testsuite hostname="DESKTOP-IK52PMM" failures="0" tests="1" name="Test.PinPageTest" time="18.305" errors="0" timestamp="2022-06-23T20:31:54 IST" skipped="0">
  <testcase classname="Test.PinPageTest" name="loginZerodhaPinPage" time="18.305"/>
  <system-out/>
</testsuite> <!-- Test.PinPageTest -->
